SF:lib/app/view/app.dart
DA:18,1
DA:20,1
DA:22,1
DA:23,1
DA:25,1
DA:35,1
DA:37,0
DA:40,0
DA:43,0
DA:46,0
DA:49,0
DA:50,1
LF:12
LH:7
end_of_record
SF:lib/l10n/l10n.dart
DA:14,12
LF:1
LH:1
end_of_record
SF:lib/features/counter/cubit/counter_cubit.dart
DA:11,4
DA:13,4
DA:14,4
LF:3
LH:3
end_of_record
SF:lib/features/counter/view/counter_page.dart
DA:14,12
DA:16,1
DA:18,1
DA:19,2
DA:26,12
DA:28,1
DA:30,1
DA:31,1
DA:32,3
DA:34,1
DA:37,1
DA:38,1
DA:39,3
DA:43,1
DA:44,3
DA:54,11
DA:56,1
DA:58,1
DA:59,3
DA:60,4
LF:20
LH:20
end_of_record
SF:lib/features/home/cubit/home_cubit.dart
DA:11,6
DA:13,4
DA:14,4
LF:3
LH:3
end_of_record
SF:lib/features/home/view/home_page.dart
DA:14,12
DA:16,2
DA:18,2
DA:19,4
DA:26,12
DA:28,2
DA:30,2
DA:31,2
DA:32,6
DA:34,2
DA:37,2
DA:38,2
DA:39,3
DA:43,2
DA:44,3
DA:54,11
DA:56,2
DA:58,2
DA:59,6
DA:60,8
LF:20
LH:20
end_of_record
SF:lib/features/login/cubit/login_cubit.dart
DA:11,4
DA:13,4
DA:14,4
LF:3
LH:3
end_of_record
SF:lib/features/login/view/login_page.dart
DA:14,12
DA:16,1
DA:18,1
DA:19,2
DA:26,12
DA:28,1
DA:30,1
DA:31,1
DA:32,3
DA:34,1
DA:37,1
DA:38,1
DA:39,3
DA:43,1
DA:44,3
DA:54,11
DA:56,1
DA:58,1
DA:59,3
DA:60,4
LF:20
LH:20
end_of_record
SF:lib/features/recover/cubit/recover_cubit.dart
DA:11,4
DA:13,4
DA:14,4
LF:3
LH:3
end_of_record
SF:lib/features/recover/view/recover_page.dart
DA:14,12
DA:16,1
DA:18,1
DA:19,2
DA:26,12
DA:28,1
DA:30,1
DA:31,1
DA:32,3
DA:34,1
DA:37,1
DA:38,1
DA:39,3
DA:43,1
DA:44,3
DA:54,11
DA:56,1
DA:58,1
DA:59,3
DA:60,4
LF:20
LH:20
end_of_record
SF:lib/features/register/cubit/register_cubit.dart
DA:11,4
DA:13,4
DA:14,4
LF:3
LH:3
end_of_record
SF:lib/features/register/view/register_page.dart
DA:14,12
DA:16,1
DA:18,1
DA:19,2
DA:26,12
DA:28,1
DA:30,1
DA:31,1
DA:32,3
DA:34,1
DA:37,1
DA:38,1
DA:39,3
DA:43,1
DA:44,3
DA:54,11
DA:56,1
DA:58,1
DA:59,3
DA:60,4
LF:20
LH:20
end_of_record
